particle firebolt_explosion
{ 
	{
		count 				124
		material 			textures/particles/flame01
		time 				0.600
		cycles 				0.000
		timeOffset 			0.000
		bunching 			1.000
		distribution 		rect 8.000 8.000 8.000
		direction 			cone 90.000
		orientation 		view
		speed 				"0.000" to "48.000"
		size 				"8.000" to "12.000"
		aspect 				"1.000"
		rotation 			"0.000" to "2.000"
		randomDistribution 	1
		boundsExpansion 	0.000
		fadeIn 				1.000
		fadeOut 			0.630
		fadeIndex 			0.000
		color 				1.000 1.000 1.000 1.000
		fadeColor 			0.000 0.000 0.000 0.000
		offset 				0.000 0.000 0.000
		gravity 			1.000
	}
	{
		count 				52
		material 			textures/particles/smoke01
		time 				1.200
		cycles 				0.000
		timeOffset 			0.000
		bunching 			1.000
		distribution 		rect 8.000 8.000 8.000
		direction 			outward 8.000
		orientation 		view
		speed 				"0.000" to "8.000"
		size 				"12.000" to "24.000"
		aspect 				"1.000"
		rotation 			"10.000" to "20.000"
		randomDistribution 	1
		boundsExpansion 	0.000
		fadeIn 				1.000
		fadeOut 			0.450
		fadeIndex 			0.000
		color 				0.040 0.040 0.040 1.000
		fadeColor 			0.000 0.000 0.000 0.000
		offset 				0.000 0.000 0.000
		gravity 			1.000
	}
	{
		count 				100
		material 			textures/particles/spark01
		time 				1.200
		cycles 				0.000
		timeOffset 			0.000
		bunching 			1.000
		distribution 		rect 24.000 24.000 24.000
		direction 			cone 90.000
		orientation 		view
		speed 				"12.000" to "24.000"
		size 				"1.500" to "0.000"
		aspect 				"1.000"
		rotation 			"0.000" to "4.000"
		randomDistribution 	1
		boundsExpansion 	0.000
		fadeIn 				1.000
		fadeOut 			1.000
		fadeIndex 			0.000
		color 				1.000 1.000 1.000 1.000
		fadeColor 			0.000 0.000 0.000 0.000
		offset 				0.000 0.000 0.000
		gravity 			-24.000
	}
}
