particle smoke01
{ 
	{
		count 				52
		material 			textures/particles/smoke01
		time 				1.200
		cycles 				0.000
		timeOffset 			0.000
		bunching 			1.000
		distribution 		rect 8.000 8.000 8.000
		direction 			outward 8.000
		orientation 		view
		speed 				"0.000" to "8.000"
		size 				"12.000" to "24.000"
		aspect 				"1.000"
		rotation 			"10.000" to "20.000"
		randomDistribution 	1
		boundsExpansion 	0.000
		fadeIn 				1.000
		fadeOut 			0.450
		fadeIndex 			0.000
		color 				0.040 0.040 0.040 1.000
		fadeColor 			0.000 0.000 0.000 0.000
		offset 				0.000 0.000 0.000
		gravity 			1.000
	}
}
